{"C:\\Users\\Abel\\Desktop\\MICROVERSE-JS-CAPSTONE\\src\\modules\\showsCounter.js": {"path":"C:\\Users\\Abel\\Desktop\\MICROVERSE-JS-CAPSTONE\\src\\modules\\showsCounter.js","statementMap":{"0":{"start":{"line":1,"column":17},"end":{"line":5,"column":1}},"1":{"start":{"line":2,"column":16},"end":{"line":2,"column":27}},"2":{"start":{"line":3,"column":20},"end":{"line":3,"column":52}},"3":{"start":{"line":4,"column":2},"end":{"line":4,"column":37}}},"fnMap":{"0":{"name":"(anonymous_0)","decl":{"start":{"line":1,"column":17},"end":{"line":1,"column":18}},"loc":{"start":{"line":1,"column":27},"end":{"line":5,"column":1}},"line":1}},"branchMap":{},"s":{"0":1,"1":1,"2":1,"3":1},"f":{"0":1},"b":{},"_coverageSchema":"1a1c01bbd47fc00a2c39e90264f33305004495a9","hash":"28582c28a308ced2fb29983b0979e83ae1d2b32b"}
}
